2025-01-18 19:47:47 - CSV file imported and Values Assigned Dynamic_NewADUser.csv
2025-01-18 19:47:47 - Active Directory module imported successfully.
2025-01-18 19:47:47 - CSV file imported successfully from C:\PS\New_AD_User\NewUserInput.csv.
2025-01-18 19:47:48 - Successfully created user: jdoe
2025-01-18 19:47:48 - Successfully created user: asmith
2025-01-18 19:47:48 - Successfully created user: bjones
2025-01-18 19:47:48 - Script completed.
2025-01-18 19:49:42 - CSV file imported and Values Assigned Dynamic_NewADUser.csv
2025-01-18 19:49:42 - Active Directory module imported successfully.
2025-01-18 19:49:42 - CSV file imported successfully from C:\PS\New_AD_User\NewUserInput.csv.
2025-01-18 19:49:42 - Successfully created user: jdoe
2025-01-18 19:49:42 - Successfully created user: asmith
2025-01-18 19:49:42 - Successfully created user: bjones
2025-01-18 19:49:42 - Script completed.
2025-01-18 19:50:43 - CSV file imported and Values Assigned Dynamic_NewADUser.csv
2025-01-18 19:50:43 - Active Directory module imported successfully.
2025-01-18 19:50:43 - CSV file imported successfully from C:\PS\New_AD_User\NewUserInput.csv.
2025-01-18 19:50:43 - Successfully created user: jdoe
2025-01-18 19:50:43 - Successfully created user: asmith
2025-01-18 19:50:43 - Successfully created user: bjones
2025-01-18 19:50:43 - Script completed.
2025-01-18 20:06:30 - CSV file imported and Values Assigned Dynamic_NewADUser.csv
2025-01-18 20:06:30 - Active Directory module imported successfully.
2025-01-18 20:06:30 - CSV file imported successfully from C:\PS\New_AD_User\NewUserInput.csv.
2025-01-18 20:06:30 - Successfully created user: jdoe
2025-01-18 20:06:30 - Successfully created user: asmith
2025-01-18 20:06:30 - Successfully created user: bjones
2025-01-18 20:06:30 - Script completed.
